#
# A fatal error has been detected by the Java Runtime Environment:
#
#  EXCEPTION_ACCESS_VIOLATION (0xc0000005) at pc=0x00000000684f4759, pid=19820, tid=19484
#
# JRE version: Java(TM) SE Runtime Environment (7.0_79-b15) (build 1.7.0_79-b15)
# Java VM: Java HotSpot(TM) 64-Bit Server VM (24.79-b02 mixed mode windows-amd64 compressed oops)
# Problematic frame:
# V  [jvm.dll+0x54759]
#
# Failed to write core dump. Minidumps are not enabled by default on client versions of Windows
#
# If you would like to submit a bug report, please visit:
#   http://bugreport.java.com/bugreport/crash.jsp
#

---------------  T H R E A D  ---------------

Current thread (0x000000000986f000):  JavaThread "JDWP Transport Listener: dt_socket" daemon [_thread_in_vm, id=19484, stack(0x000000000b5e0000,0x000000000b6e0000)]

siginfo: ExceptionCode=0xc0000005, reading address 0x000000000000000c

Registers:
RAX=0x000000000000000c, RBX=0x000000000986f000, RCX=0x0000000000000000, RDX=0x0000000000000000
RSP=0x000000000b6df130, RBP=0x000000000000000c, RSI=0x0000000000000000, RDI=0x0000000000000010
R8 =0x00000000e1d13640, R9 =0x0000000000000000, R10=0x0000000000000000, R11=0x0000000000000001
R12=0x0000000000000000, R13=0x0000000009863078, R14=0x0000000000000000, R15=0x0000000000000000
RIP=0x00000000684f4759, EFLAGS=0x0000000000010246

Top of Stack: (sp=0x000000000b6df130)
0x000000000b6df130:   000000000986f000 0000000000000000
0x000000000b6df140:   0000000000000000 000000000986f000
0x000000000b6df150:   0000000000000000 00000000685bd9c7
0x000000000b6df160:   00000000e1d13640 000000000b6df280
0x000000000b6df170:   000000000baab488 000000000b6df250
0x000000000b6df180:   000000000986f000 0000000000000000
0x000000000b6df190:   000000000baab488 000000000b6df280
0x000000000b6df1a0:   0000000000000000 0000000009863078
0x000000000b6df1b0:   0000000000000000 0000000073bd7d15
0x000000000b6df1c0:   000000000b6df250 000000000b6df280
0x000000000b6df1d0:   000000000baab488 000000000986f1e8
0x000000000b6df1e0:   000000001194ac0a 0000000073bdf090
0x000000000b6df1f0:   0000000009010a01 000000000b6df2f0
0x000000000b6df200:   0000000009862c01 000000000985f270
0x000000000b6df210:   0008769c00000013 0000000009010a00
0x000000000b6df220:   0000000002173730 000000006862e7fa 

Instructions: (pc=0x00000000684f4759)
0x00000000684f4739:   d2 48 8b c5 eb 18 48 8b d0 48 8b c5 48 d3 e2 48
0x00000000684f4749:   03 15 61 31 6a 00 eb 06 48 8b 12 48 8b c7 48 98
0x00000000684f4759:   8b 14 10 85 d2 74 2a 45 84 db 4c 63 c6 48 0f 45
0x00000000684f4769:   fd 8d 47 0b 48 63 c8 48 83 e1 f8 48 c1 e9 03 8d 


Register to memory mapping:

RAX=0x000000000000000c is an unknown value
RBX=0x000000000986f000 is a thread
RCX=0x0000000000000000 is an unknown value
RDX=0x0000000000000000 is an unknown value
RSP=0x000000000b6df130 is pointing into the stack for thread: 0x000000000986f000
RBP=0x000000000000000c is an unknown value
RSI=0x0000000000000000 is an unknown value
RDI=0x0000000000000010 is an unknown value
R8 =0x00000000e1d13640 is an oop
java.lang.String 
 - klass: 'java/lang/String'
R9 =0x0000000000000000 is an unknown value
R10=0x0000000000000000 is an unknown value
R11=0x0000000000000001 is an unknown value
R12=0x0000000000000000 is an unknown value
R13=0x0000000009863078 is an unknown value
R14=0x0000000000000000 is an unknown value
R15=0x0000000000000000 is an unknown value


Stack: [0x000000000b5e0000,0x000000000b6e0000],  sp=0x000000000b6df130,  free space=1020k
Native frames: (J=compiled Java code, j=interpreted, Vv=VM code, C=native code)
V  [jvm.dll+0x54759]


---------------  P R O C E S S  ---------------

Java Threads: ( => current thread )
  0x000000000b94e000 JavaThread "TimerQueue" daemon [_thread_blocked, id=21032, stack(0x00000000102b0000,0x00000000103b0000)]
  0x000000000b987000 JavaThread "D3D Screen Updater" daemon [_thread_blocked, id=21264, stack(0x000000000fce0000,0x000000000fde0000)]
  0x000000000223e800 JavaThread "DestroyJavaVM" [_thread_blocked, id=21260, stack(0x0000000002590000,0x0000000002690000)]
  0x000000000b866800 JavaThread "AWT-EventQueue-0" [_thread_blocked, id=13856, stack(0x000000000f970000,0x000000000fa70000)]
  0x000000000b830800 JavaThread "AWT-Windows" daemon [_thread_in_native, id=19500, stack(0x000000000c870000,0x000000000c970000)]
  0x000000000b82d800 JavaThread "AWT-Shutdown" [_thread_blocked, id=20892, stack(0x000000000c760000,0x000000000c860000)]
  0x000000000b82c800 JavaThread "Java2D Disposer" daemon [_thread_blocked, id=20520, stack(0x000000000c550000,0x000000000c650000)]
  0x000000000b6f7000 JavaThread "Service Thread" daemon [_thread_blocked, id=21436, stack(0x000000000c120000,0x000000000c220000)]
  0x000000000b6f3000 JavaThread "C2 CompilerThread1" daemon [_thread_blocked, id=20928, stack(0x000000000bd10000,0x000000000be10000)]
  0x000000000b6f1800 JavaThread "C2 CompilerThread0" daemon [_thread_blocked, id=20904, stack(0x000000000bfa0000,0x000000000c0a0000)]
  0x000000000b6ed800 JavaThread "JDWP Command Reader" daemon [_thread_in_native, id=16932, stack(0x000000000be20000,0x000000000bf20000)]
  0x000000000987c800 JavaThread "JDWP Event Helper Thread" daemon [_thread_blocked, id=20604, stack(0x000000000bb70000,0x000000000bc70000)]
=>0x000000000986f000 JavaThread "JDWP Transport Listener: dt_socket" daemon [_thread_in_vm, id=19484, stack(0x000000000b5e0000,0x000000000b6e0000)]
  0x0000000009866800 JavaThread "Attach Listener" daemon [_thread_blocked, id=20536, stack(0x000000000aaa0000,0x000000000aba0000)]
  0x0000000009861800 JavaThread "Signal Dispatcher" daemon [_thread_blocked, id=18516, stack(0x000000000add0000,0x000000000aed0000)]
  0x0000000009805000 JavaThread "Finalizer" daemon [_thread_blocked, id=18484, stack(0x000000000abd0000,0x000000000acd0000)]
  0x00000000097fe000 JavaThread "Reference Handler" daemon [_thread_blocked, id=12724, stack(0x000000000a780000,0x000000000a880000)]

Other Threads:
  0x00000000097fa800 VMThread [stack: 0x000000000a900000,0x000000000aa00000] [id=20284]
  0x000000000b705800 WatcherThread [stack: 0x000000000c2e0000,0x000000000c3e0000] [id=20616]

VM state:not at safepoint (normal execution)

VM Mutex/Monitor currently owned by a thread: None

Heap
 PSYoungGen      total 153600K, used 26420K [0x00000000e0400000, 0x00000000eaf00000, 0x0000000100000000)
  eden space 132096K, 20% used [0x00000000e0400000,0x00000000e1dcd088,0x00000000e8500000)
  from space 21504K, 0% used [0x00000000e9a00000,0x00000000e9a00000,0x00000000eaf00000)
  to   space 21504K, 0% used [0x00000000e8500000,0x00000000e8500000,0x00000000e9a00000)
 ParOldGen       total 349696K, used 0K [0x00000000a0c00000, 0x00000000b6180000, 0x00000000e0400000)
  object space 349696K, 0% used [0x00000000a0c00000,0x00000000a0c00000,0x00000000b6180000)
 PSPermGen       total 21504K, used 11603K [0x000000009ba00000, 0x000000009cf00000, 0x00000000a0c00000)
  object space 21504K, 53% used [0x000000009ba00000,0x000000009c554d90,0x000000009cf00000)

Card table byte_map: [0x0000000005690000,0x00000000059c0000] byte_map_base: 0x00000000051b3000

Polling page: 0x0000000000120000

Code Cache  [0x0000000002690000, 0x0000000002900000, 0x0000000005690000)
 total_blobs=554 nmethods=108 adapters=406 free_code_cache=48409Kb largest_free_block=49544512

Compilation events (10 events):
Event: 102.465 Thread 0x000000000b6f1800  105             java.lang.Character::isUpperCase (25 bytes)
Event: 102.465 Thread 0x000000000b6f3000  104             java.lang.Character::isUpperCase (5 bytes)
Event: 102.465 Thread 0x000000000b6f3000 nmethod 104 0x0000000002736990 code [0x0000000002736ac0, 0x0000000002736b78]
Event: 102.466 Thread 0x000000000b6f1800 nmethod 105 0x0000000002742d90 code [0x0000000002742ee0, 0x0000000002743038]
Event: 102.470 Thread 0x000000000b6f3000  106             java.io.PrintStream::print (13 bytes)
Event: 102.470 Thread 0x000000000b6f1800  107   !         java.io.PrintStream::write (83 bytes)
Event: 102.474 Thread 0x000000000b6f1800 nmethod 107 0x0000000002746010 code [0x00000000027461a0, 0x00000000027467e8]
Event: 102.474 Thread 0x000000000b6f3000 nmethod 106 0x0000000002737910 code [0x0000000002737aa0, 0x00000000027380e8]
Event: 102.552 Thread 0x000000000b6f1800  108             java.lang.String::indexOf (7 bytes)
Event: 102.554 Thread 0x000000000b6f1800 nmethod 108 0x0000000002737550 code [0x00000000027376a0, 0x00000000027377c8]

GC Heap History (0 events):
No events

Deoptimization events (2 events):
Event: 0.792 Thread 0x000000000b866800 Uncommon trap: reason=class_check action=maybe_recompile pc=0x000000000270bbf4 method=java.lang.String.equals(Ljava/lang/Object;)Z @ 8
Event: 0.792 Thread 0x000000000b866800 Uncommon trap: reason=class_check action=maybe_recompile pc=0x000000000270bbf4 method=java.lang.String.equals(Ljava/lang/Object;)Z @ 8

Internal exceptions (10 events):
Event: 1.100 Thread 0x000000000b866800 Threw 0x00000000e0e990f8 at C:\re\jdk7u79\2331\hotspot\src\share\vm\prims\jvm.cpp:1304
Event: 1.101 Thread 0x000000000b866800 Threw 0x00000000e0e9a5a0 at C:\re\jdk7u79\2331\hotspot\src\share\vm\prims\jvm.cpp:1304
Event: 1.102 Thread 0x000000000b866800 Threw 0x00000000e0e9c518 at C:\re\jdk7u79\2331\hotspot\src\share\vm\prims\jvm.cpp:1304
Event: 1.103 Thread 0x000000000b866800 Threw 0x00000000e0e9f2e0 at C:\re\jdk7u79\2331\hotspot\src\share\vm\prims\jvm.cpp:1304
Event: 1.104 Thread 0x000000000b866800 Threw 0x00000000e0ea1228 at C:\re\jdk7u79\2331\hotspot\src\share\vm\prims\jvm.cpp:1304
Event: 1.105 Thread 0x000000000b866800 Threw 0x00000000e0ea4480 at C:\re\jdk7u79\2331\hotspot\src\share\vm\prims\jvm.cpp:1304
Event: 1.105 Thread 0x000000000b866800 Threw 0x00000000e0ea71a8 at C:\re\jdk7u79\2331\hotspot\src\share\vm\prims\jvm.cpp:1304
Event: 1.107 Thread 0x000000000b866800 Threw 0x00000000e0eacd68 at C:\re\jdk7u79\2331\hotspot\src\share\vm\prims\jvm.cpp:1304
Event: 1.276 Thread 0x000000000b866800 Threw 0x00000000e0f949c8 at C:\re\jdk7u79\2331\hotspot\src\share\vm\prims\jvm.cpp:1304
Event: 1.291 Thread 0x000000000b866800 Threw 0x00000000e0fd2090 at C:\re\jdk7u79\2331\hotspot\src\share\vm\prims\jvm.cpp:1304

Events (10 events):
Event: 187.843 Executing VM operation: GetCurrentLocation
Event: 187.843 Executing VM operation: GetCurrentLocation done
Event: 187.843 Executing VM operation: ChangeSingleStep
Event: 187.843 Executing VM operation: ChangeSingleStep done
Event: 187.851 Executing VM operation: ChangeSingleStep
Event: 187.851 Executing VM operation: ChangeSingleStep done
Event: 187.864 Executing VM operation: GetOrSetLocal
Event: 187.864 Executing VM operation: GetOrSetLocal done
Event: 187.869 Executing VM operation: GetOrSetLocal
Event: 187.869 Executing VM operation: GetOrSetLocal done


Dynamic libraries:
0x000000013f870000 - 0x000000013f8a3000 	C:\Program Files\Java\jdk1.7.0_79\bin\javaw.exe
0x0000000077750000 - 0x00000000778f9000 	C:\Windows\SYSTEM32\ntdll.dll
0x0000000077530000 - 0x0000000077650000 	C:\Windows\system32\kernel32.dll
0x000007fefd570000 - 0x000007fefd5dc000 	C:\Windows\system32\KERNELBASE.dll
0x000007fefd960000 - 0x000007fefda3b000 	C:\Windows\system32\ADVAPI32.dll
0x000007fefd8b0000 - 0x000007fefd94f000 	C:\Windows\system32\msvcrt.dll
0x000007feffa20000 - 0x000007feffa3f000 	C:\Windows\SYSTEM32\sechost.dll
0x000007feff0e0000 - 0x000007feff20d000 	C:\Windows\system32\RPCRT4.dll
0x0000000077650000 - 0x000000007774a000 	C:\Windows\system32\USER32.dll
0x000007fefdf80000 - 0x000007fefdfe7000 	C:\Windows\system32\GDI32.dll
0x000007fefdff0000 - 0x000007fefdffe000 	C:\Windows\system32\LPK.dll
0x000007fefddd0000 - 0x000007fefde9a000 	C:\Windows\system32\USP10.dll
0x000007fefc080000 - 0x000007fefc274000 	C:\Windows\WinSxS\amd64_microsoft.windows.common-controls_6595b64144ccf1df_6.0.7601.18837_none_fa3b1e3d17594757\COMCTL32.dll
0x000007fefda40000 - 0x000007fefdab1000 	C:\Windows\system32\SHLWAPI.dll
0x000007feff700000 - 0x000007feff72e000 	C:\Windows\system32\IMM32.DLL
0x000007feff780000 - 0x000007feff889000 	C:\Windows\system32\MSCTF.dll
0x00000000737c0000 - 0x0000000073892000 	C:\Program Files\Java\jdk1.7.0_79\jre\bin\msvcr100.dll
0x00000000684a0000 - 0x0000000068c75000 	C:\Program Files\Java\jdk1.7.0_79\jre\bin\server\jvm.dll
0x000007fef8560000 - 0x000007fef8569000 	C:\Windows\system32\WSOCK32.dll
0x000007feff730000 - 0x000007feff77d000 	C:\Windows\system32\WS2_32.dll
0x000007fefd950000 - 0x000007fefd958000 	C:\Windows\system32\NSI.dll
0x000007fefb160000 - 0x000007fefb19b000 	C:\Windows\system32\WINMM.dll
0x0000000077910000 - 0x0000000077917000 	C:\Windows\system32\PSAPI.DLL
0x00000000740b0000 - 0x00000000740bf000 	C:\Program Files\Java\jdk1.7.0_79\jre\bin\verify.dll
0x0000000073d60000 - 0x0000000073d88000 	C:\Program Files\Java\jdk1.7.0_79\jre\bin\java.dll
0x0000000073bd0000 - 0x0000000073c05000 	C:\Program Files\Java\jdk1.7.0_79\jre\bin\jdwp.dll
0x00000000748c0000 - 0x00000000748c8000 	C:\Program Files\Java\jdk1.7.0_79\jre\bin\npt.dll
0x0000000074090000 - 0x00000000740a5000 	C:\Program Files\Java\jdk1.7.0_79\jre\bin\zip.dll
0x00000000748d0000 - 0x00000000748d9000 	C:\Program Files\Java\jdk1.7.0_79\jre\bin\dt_socket.dll
0x000007fefaf80000 - 0x000007fefaf95000 	C:\Windows\system32\NLAapi.dll
0x000007fefa4c0000 - 0x000007fefa4d5000 	C:\Windows\system32\napinsp.dll
0x000007fefa4a0000 - 0x000007fefa4b9000 	C:\Windows\system32\pnrpnsp.dll
0x000007fefccd0000 - 0x000007fefcd25000 	C:\Windows\System32\mswsock.dll
0x000007fefcb50000 - 0x000007fefcbab000 	C:\Windows\system32\DNSAPI.dll
0x000007fefa490000 - 0x000007fefa49b000 	C:\Windows\System32\winrnr.dll
0x000007fefadb0000 - 0x000007fefadd7000 	C:\Windows\system32\IPHLPAPI.DLL
0x000007fefad90000 - 0x000007fefad9b000 	C:\Windows\system32\WINNSI.DLL
0x000007fefabd0000 - 0x000007fefac23000 	C:\Windows\System32\fwpuclnt.dll
0x000007fefa480000 - 0x000007fefa488000 	C:\Windows\system32\rasadhlp.dll
0x000007fefc6b0000 - 0x000007fefc6b7000 	C:\Windows\System32\wshtcpip.dll
0x000000005f7d0000 - 0x000000005f965000 	C:\Program Files\Java\jdk1.7.0_79\jre\bin\awt.dll
0x000007fefdea0000 - 0x000007fefdf77000 	C:\Windows\system32\OLEAUT32.dll
0x000007feff210000 - 0x000007feff413000 	C:\Windows\system32\ole32.dll
0x000007fefc570000 - 0x000007fefc588000 	C:\Windows\system32\DWMAPI.DLL
0x000007fefbab0000 - 0x000007fefbb06000 	C:\Windows\system32\uxtheme.dll
0x000007fefd390000 - 0x000007fefd39f000 	C:\Windows\system32\CRYPTBASE.dll
0x000007feedc00000 - 0x000007feeddff000 	C:\Windows\system32\d3d9.dll
0x000007fefc5e0000 - 0x000007fefc5ec000 	C:\Windows\system32\VERSION.dll
0x000007fef6640000 - 0x000007fef6647000 	C:\Windows\system32\d3d8thk.dll
0x000007fef5b80000 - 0x000007fef5cef000 	C:\Windows\system32\aticfx64.dll
0x000007fef24f0000 - 0x000007fef2511000 	C:\Windows\system32\atiu9p64.dll
0x000007feef7c0000 - 0x000007fef021b000 	C:\Windows\system32\atiumd64.dll
0x000000005f970000 - 0x0000000060214000 	C:\Windows\system32\atiumd6a.dll
0x000007fefc590000 - 0x000007fefc5bc000 	C:\Windows\system32\POWRPROF.dll
0x000007feff4c0000 - 0x000007feff697000 	C:\Windows\system32\SETUPAPI.dll
0x000007fefd780000 - 0x000007fefd7b6000 	C:\Windows\system32\CFGMGR32.dll
0x000007fefd5f0000 - 0x000007fefd60a000 	C:\Windows\system32\DEVOBJ.dll
0x000007fefe350000 - 0x000007feff0d9000 	C:\Windows\system32\SHELL32.dll
0x0000000073330000 - 0x0000000073377000 	C:\Program Files\Java\jdk1.7.0_79\jre\bin\fontmanager.dll
0x000007feff420000 - 0x000007feff4b9000 	C:\Windows\system32\CLBCatQ.DLL
0x000007fefb540000 - 0x000007fefb6a1000 	C:\Windows\system32\WindowsCodecs.dll
0x000007fefd330000 - 0x000007fefd387000 	C:\Windows\system32\apphelp.dll
0x000007fefaa30000 - 0x000007fefaa65000 	C:\Windows\system32\EhStorShell.dll
0x000007fefbb60000 - 0x000007fefbc8c000 	C:\Windows\system32\PROPSYS.dll
0x000007fef66b0000 - 0x000007fef672e000 	C:\Windows\System32\cscui.dll
0x000007fefad00000 - 0x000007fefad0c000 	C:\Windows\System32\CSCDLL.dll
0x000007fef8aa0000 - 0x000007fef8aaf000 	C:\Windows\system32\CSCAPI.dll
0x000007fef5f80000 - 0x000007fef6000000 	C:\Windows\system32\ntshrui.dll
0x000007fefcfd0000 - 0x000007fefcff3000 	C:\Windows\system32\srvcli.dll
0x000007fefaeb0000 - 0x000007fefaebb000 	C:\Windows\system32\slc.dll
0x0000000073cf0000 - 0x0000000073d0a000 	C:\Program Files\Java\jdk1.7.0_79\jre\bin\net.dll
0x000007fefccc0000 - 0x000007fefccc7000 	C:\Windows\System32\wship6.dll
0x0000000073cd0000 - 0x0000000073ce1000 	C:\Program Files\Java\jdk1.7.0_79\jre\bin\nio.dll
0x000000006bf70000 - 0x000000006bfb1000 	C:\Program Files\Java\jdk1.7.0_79\jre\bin\t2k.dll
0x000007fefcf20000 - 0x000007fefcf38000 	C:\Windows\system32\CRYPTSP.dll
0x000007fefca30000 - 0x000007fefca77000 	C:\Windows\system32\rsaenh.dll
0x000007fefd520000 - 0x000007fefd53e000 	C:\Windows\system32\USERENV.dll
0x000007fefd4f0000 - 0x000007fefd4ff000 	C:\Windows\system32\profapi.dll
0x000007fefa990000 - 0x000007fefa9a1000 	C:\Windows\system32\dhcpcsvc6.DLL
0x000007fefa910000 - 0x000007fefa928000 	C:\Windows\system32\dhcpcsvc.DLL
0x000007fef9d40000 - 0x000007fef9e65000 	C:\Windows\system32\dbghelp.dll

VM Arguments:
jvm_args: -agentlib:jdwp=transport=dt_socket,suspend=y,address=localhost:50907 -Xms512M -Xmx1524M -Dfile.encoding=Cp1252 
java_command: Algorithm.Main
Launcher Type: SUN_STANDARD

Environment Variables:
PATH=C:\Program Files\Java\jdk1.7.0_79\jre\bin;C:\ProgramData\Oracle\Java\javapath;C:\Windows\system32;C:\Windows;C:\Windows\System32\Wbem;C:\Windows\System32\WindowsPowerShell\v1.0\;C:\Program Files (x86)\AMD\ATI.ACE\Core-Static;C:\Program Files\MATLAB\R2015b\bin;C:\Program Files\nodejs\;C:\Program Files (x86)\Skype\Phone\;C:\Program Files (x86)\Google\Chrome\Application;C:\ProgramData\Oracle\Java\javapath;C:\Windows\system32;C:\Windows;C:\Windows\System32\Wbem;C:\Windows\System32\WindowsPowerShell\v1.0\;C:\Program Files (x86)\AMD\ATI.ACE\Core-Static;C:\Program Files (x86)\Skype\Phone\;C:\Program Files\MATLAB\R2015b\bin;C:\Users\Abu\AppData\Roaming\npm
USERNAME=Abu
OS=Windows_NT
PROCESSOR_IDENTIFIER=Intel64 Family 6 Model 60 Stepping 3, GenuineIntel



---------------  S Y S T E M  ---------------

OS: Windows 7 , 64 bit Build 7601 Service Pack 1

CPU:total 4 (4 cores per cpu, 1 threads per core) family 6 model 60 stepping 3, cmov, cx8, fxsr, mmx, sse, sse2, sse3, ssse3, sse4.1, sse4.2, popcnt, avx, avx2, aes, erms, tsc, tscinvbit

Memory: 4k page, physical 8264368k(3649480k free), swap 16526900k(6837716k free)

vm_info: Java HotSpot(TM) 64-Bit Server VM (24.79-b02) for windows-amd64 JRE (1.7.0_79-b15), built on Apr 10 2015 12:36:16 by "java_re" with unknown MS VC++:1600

time: Tue Jan 05 20:55:17 2016
elapsed time: 187 seconds

